<?xml version="1.0" encoding="UTF-8"?>
<testsuite name="com.example.shopping.SpringMysqlShppingExample01ApplicationTests" tests="1" skipped="0" failures="0" errors="0" timestamp="2025-12-31T08:46:24.422Z" hostname="DESKTOP-6B97KBM" time="0.257">
  <properties/>
  <testcase name="contextLoads()" classname="com.example.shopping.SpringMysqlShppingExample01ApplicationTests" time="0.257"/>
  <system-out><![CDATA[17:46:20.937 [Test worker] INFO org.springframework.test.context.support.AnnotationConfigContextLoaderUtils -- Could not detect default configuration classes for test class [com.example.shopping.SpringMysqlShppingExample01ApplicationTests]: SpringMysqlShppingExample01ApplicationTests does not declare any static, non-private, non-final, nested classes annotated with @Configuration.
17:46:21.005 [Test worker] INFO org.springframework.boot.test.context.SpringBootTestContextBootstrapper -- Found @SpringBootConfiguration com.example.shopping.SpringMysqlShppingExample01Application for test class com.example.shopping.SpringMysqlShppingExample01ApplicationTests

  .   ____          _            __ _ _
 /\\ / ___'_ __ _ _(_)_ __  __ _ \ \ \ \
( ( )\___ | '_ | '_| | '_ \/ _` | \ \ \ \
 \\/  ___)| |_)| | | | | || (_| |  ) ) ) )
  '  |____| .__|_| |_|_| |_\__, | / / / /
 =========|_|==============|___/=/_/_/_/

 :: Spring Boot ::                (v4.0.1)

2025-12-31T17:46:21.317+09:00  INFO 717620 --- [shopping-server] [    Test worker] ingMysqlShppingExample01ApplicationTests : Starting SpringMysqlShppingExample01ApplicationTests using Java 21 with PID 717620 (started by G in C:\workspace\spring_lab\spring-mysql-shpping-example01)
2025-12-31T17:46:21.319+09:00  INFO 717620 --- [shopping-server] [    Test worker] ingMysqlShppingExample01ApplicationTests : No active profile set, falling back to 1 default profile: "default"
2025-12-31T17:46:21.831+09:00  INFO 717620 --- [shopping-server] [    Test worker] .s.d.r.c.RepositoryConfigurationDelegate : Bootstrapping Spring Data JPA repositories in DEFAULT mode.
2025-12-31T17:46:21.880+09:00  INFO 717620 --- [shopping-server] [    Test worker] .s.d.r.c.RepositoryConfigurationDelegate : Finished Spring Data repository scanning in 42 ms. Found 5 JPA repository interfaces.
2025-12-31T17:46:22.331+09:00  INFO 717620 --- [shopping-server] [    Test worker] org.hibernate.orm.jpa                    : HHH008540: Processing PersistenceUnitInfo [name: default]
2025-12-31T17:46:22.387+09:00  INFO 717620 --- [shopping-server] [    Test worker] org.hibernate.orm.core                   : HHH000001: Hibernate ORM core version 7.2.0.Final
2025-12-31T17:46:22.729+09:00  INFO 717620 --- [shopping-server] [    Test worker] o.s.o.j.p.SpringPersistenceUnitInfo      : No LoadTimeWeaver setup: ignoring JPA class transformer
2025-12-31T17:46:22.749+09:00  INFO 717620 --- [shopping-server] [    Test worker] com.zaxxer.hikari.HikariDataSource       : HikariPool-1 - Starting...
2025-12-31T17:46:22.854+09:00  INFO 717620 --- [shopping-server] [    Test worker] com.zaxxer.hikari.pool.HikariPool        : HikariPool-1 - Added connection com.mysql.cj.jdbc.ConnectionImpl@48188d23
2025-12-31T17:46:22.855+09:00  INFO 717620 --- [shopping-server] [    Test worker] com.zaxxer.hikari.HikariDataSource       : HikariPool-1 - Start completed.
2025-12-31T17:46:22.886+09:00  WARN 717620 --- [shopping-server] [    Test worker] org.hibernate.orm.deprecation            : HHH90000025: MySQLDialect does not need to be specified explicitly using 'hibernate.dialect' (remove the property setting and it will be selected by default)
2025-12-31T17:46:22.898+09:00  INFO 717620 --- [shopping-server] [    Test worker] org.hibernate.orm.connections.pooling    : HHH10001005: Database info:
	Database JDBC URL [jdbc:mysql://localhost:3306/shopping?useSSL=false&allowPublicKeyRetrieval=true&characterEncoding=UTF-8&serverTimezone=Asia/Seoul]
	Database driver: MySQL Connector/J
	Database dialect: MySQLDialect
	Database version: 8.0.44
	Default catalog/schema: shopping/undefined
	Autocommit mode: undefined/unknown
	Isolation level: REPEATABLE_READ [default REPEATABLE_READ]
	JDBC fetch size: none
	Pool: DataSourceConnectionProvider
	Minimum pool size: undefined/unknown
	Maximum pool size: undefined/unknown
2025-12-31T17:46:23.580+09:00  INFO 717620 --- [shopping-server] [    Test worker] org.hibernate.orm.core                   : HHH000489: No JTA platform available (set 'hibernate.transaction.jta.platform' to enable JTA platform integration)
2025-12-31T17:46:23.585+09:00  INFO 717620 --- [shopping-server] [    Test worker] j.LocalContainerEntityManagerFactoryBean : Initialized JPA EntityManagerFactory for persistence unit 'default'
2025-12-31T17:46:23.766+09:00  INFO 717620 --- [shopping-server] [    Test worker] r$InitializeUserDetailsManagerConfigurer : Global AuthenticationManager configured with UserDetailsService bean with name inMemoryUserDetailsManager
2025-12-31T17:46:23.888+09:00 DEBUG 717620 --- [shopping-server] [    Test worker] o.s.s.web.DefaultSecurityFilterChain     : Will secure any request with filters: DisableEncodeUrlFilter, WebAsyncManagerIntegrationFilter, SecurityContextHolderFilter, HeaderWriterFilter, LogoutFilter, RequestCacheAwareFilter, SecurityContextHolderAwareRequestFilter, AnonymousAuthenticationFilter, SessionManagementFilter, ExceptionTranslationFilter, AuthorizationFilter
2025-12-31T17:46:24.105+09:00  INFO 717620 --- [shopping-server] [    Test worker] o.s.d.j.r.query.QueryEnhancerFactories   : Hibernate is in classpath; If applicable, HQL parser will be used.
2025-12-31T17:46:24.413+09:00  INFO 717620 --- [shopping-server] [    Test worker] ingMysqlShppingExample01ApplicationTests : Started SpringMysqlShppingExample01ApplicationTests in 3.307 seconds (process running for 4.202)
]]></system-out>
  <system-err><![CDATA[Mockito is currently self-attaching to enable the inline-mock-maker. This will no longer work in future releases of the JDK. Please add Mockito as an agent to your build as described in Mockito's documentation: https://javadoc.io/doc/org.mockito/mockito-core/latest/org.mockito/org/mockito/Mockito.html#0.3
WARNING: A Java agent has been loaded dynamically (C:\Users\G\.gradle\caches\modules-2\files-2.1\net.bytebuddy\byte-buddy-agent\1.17.8\f09415827a71be7ed621c7bd02550678f28bc81c\byte-buddy-agent-1.17.8.jar)
WARNING: If a serviceability tool is in use, please run with -XX:+EnableDynamicAgentLoading to hide this warning
WARNING: If a serviceability tool is not in use, please run with -Djdk.instrument.traceUsage for more information
WARNING: Dynamic loading of agents will be disallowed by default in a future release
]]></system-err>
</testsuite>
